<?xml version="1.0" encoding="UTF-8"?>
<robot generator="Robot 3.1.2 (Python 3.8.1 on win32)" generated="20200228 14:42:57.428" rpa="false">
<suite id="s1" name="Edit Product" source="C:\Users\nqdai\Downloads\WebDemo-master\WebDemo-master\products\edit_product.robot">
<test id="s1-t1" name="Can back products list">
<kw name="Open Browser To Add Product Page" library="resource">
<kw name="Open Browser" library="SeleniumLibrary">
<doc>Opens a new browser instance to the optional ``url``.</doc>
<arguments>
<arg>${ADD PRODUCTS URL}</arg>
<arg>${BROWSER}</arg>
</arguments>
<msg timestamp="20200228 14:42:57.639" level="INFO">Opening browser 'Chrome' to base url 'http://localhost:8080/add-product'.</msg>
<kw name="Capture Page Screenshot" library="SeleniumLibrary">
<doc>Takes a screenshot of the current page and embeds it into a log file.</doc>
<status status="FAIL" starttime="20200228 14:43:46.916" endtime="20200228 14:43:50.709"></status>
</kw>
<msg timestamp="20200228 14:43:50.709" level="WARN">Keyword 'Capture Page Screenshot' could not be run on failure: Execution terminated by signal</msg>
<msg timestamp="20200228 14:43:50.717" level="FAIL">WebDriverException: Message: unknown error: cannot determine loading status
from disconnected: received Inspector.detached event
  (Session info: chrome=80.0.3987.122)
</msg>
<status status="FAIL" starttime="20200228 14:42:57.638" endtime="20200228 14:43:50.717"></status>
</kw>
<status status="FAIL" starttime="20200228 14:42:57.638" endtime="20200228 14:43:50.717"></status>
</kw>
<kw name="Close Browser" library="SeleniumLibrary" type="teardown">
<doc>Closes the current browser.</doc>
<errors>
<msg timestamp="20200228 14:43:50.709" level="WARN">Keyword 'Capture Page Screenshot' could not be run on failure: Execution terminated by signal</msg>
<msg timestamp="20200228 14:43:56.729" level="ERROR">Execution stopped by user.</msg>
</errors>
</robot>
