<?xml version="1.0" encoding="UTF-8"?>
<robot generator="Robot 3.1.2 (Python 3.8.1 on win32)" generated="20200228 11:16:06.337" rpa="false">
<suite id="s1" name="Edit Product" source="C:\Users\nqdai\Downloads\WebDemo-master\WebDemo-master\products\edit_product.robot">
<test id="s1-t1" name="Edit product">
<kw name="Open Browser To Product Page" library="resource">
<kw name="Open Browser" library="SeleniumLibrary">
<doc>Opens a new browser instance to the optional ``url``.</doc>
<arguments>
<arg>${PRODUCTS URL}</arg>
<arg>${BROWSER}</arg>
</arguments>
<msg timestamp="20200228 11:16:06.541" level="INFO">Opening browser 'Chrome' to base url 'http://localhost:8080/'.</msg>
<status status="PASS" starttime="20200228 11:16:06.541" endtime="20200228 11:16:13.271"></status>
</kw>
<kw name="Maximize Browser Window" library="SeleniumLibrary">
<doc>Maximizes current browser window.</doc>
<status status="PASS" starttime="20200228 11:16:13.271" endtime="20200228 11:16:17.421"></status>
</kw>
<kw name="Set Selenium Speed" library="SeleniumLibrary">
<doc>Sets the delay that is waited after each Selenium command.</doc>
<arguments>
<arg>${DELAY}</arg>
</arguments>
<status status="PASS" starttime="20200228 11:16:17.421" endtime="20200228 11:16:17.422"></status>
</kw>
<kw name="Product Page Should Be Open" library="resource">
<kw name="Location Should Be" library="SeleniumLibrary">
<doc>Verifies that the current URL is exactly ``url``.</doc>
<arguments>
<arg>${PRODUCTS URL}</arg>
</arguments>
<msg timestamp="20200228 11:16:18.436" level="INFO">Current location is 'http://localhost:8080/'.</msg>
<status status="PASS" starttime="20200228 11:16:17.422" endtime="20200228 11:16:18.436"></status>
</kw>
<status status="PASS" starttime="20200228 11:16:17.422" endtime="20200228 11:16:18.436"></status>
</kw>
<status status="PASS" starttime="20200228 11:16:06.541" endtime="20200228 11:16:18.436"></status>
</kw>
<kw name="Evaluate" library="BuiltIn">
<doc>Evaluates the given expression in Python and returns the results.</doc>
<arguments>
<arg>random.randint(1, 10)</arg>
<arg>modules=random</arg>
</arguments>
<assign>
<var>${random int}</var>
</assign>
<msg timestamp="20200228 11:16:18.437" level="INFO">${random int} = 5</msg>
<status status="PASS" starttime="20200228 11:16:18.437" endtime="20200228 11:16:18.437"></status>
</kw>
<kw name="Click Element" library="SeleniumLibrary">
<doc>Click the element identified by ``locator``.</doc>
<arguments>
<arg>//div[@class="page__content"]//tbody//tr[${random int}]//a</arg>
</arguments>
<msg timestamp="20200228 11:16:18.438" level="INFO">Clicking element '//div[@class="page__content"]//tbody//tr[5]//a'.</msg>
<status status="PASS" starttime="20200228 11:16:18.437" endtime="20200228 11:16:20.490"></status>
</kw>
<kw name="Edit Product Page Should Be Open" library="resource">
<kw name="Location Should Contain" library="SeleniumLibrary">
<doc>Verifies that the current URL contains ``expected``.</doc>
<arguments>
<arg>${EDIT PRODUCTS URL}</arg>
</arguments>
<msg timestamp="20200228 11:16:21.504" level="INFO">Current location contains 'http://localhost:8080/edit-product'.</msg>
<status status="PASS" starttime="20200228 11:16:20.492" endtime="20200228 11:16:21.504"></status>
</kw>
<status status="PASS" starttime="20200228 11:16:20.491" endtime="20200228 11:16:21.504"></status>
</kw>
<kw name="Press Keys" library="SeleniumLibrary">
<doc>Simulates the user pressing key(s) to an element or on the active browser.</doc>
<arguments>
<arg>product__name</arg>
<arg>CTRL+a+BACKSPACE</arg>
</arguments>
<msg timestamp="20200228 11:16:21.505" level="INFO">Sending key(s) ('CTRL+a+BACKSPACE',) to product__name element.</msg>
<msg timestamp="20200228 11:16:23.786" level="INFO">Pressing special key CONTROL down.</msg>
<msg timestamp="20200228 11:16:23.786" level="INFO">Sending key a</msg>
<msg timestamp="20200228 11:16:23.786" level="INFO">Pressing special key BACKSPACE down.</msg>
<msg timestamp="20200228 11:16:23.786" level="INFO">Releasing special key CONTROL.</msg>
<msg timestamp="20200228 11:16:23.787" level="INFO">Releasing special key BACKSPACE.</msg>
<status status="PASS" starttime="20200228 11:16:21.504" endtime="20200228 11:16:24.830"></status>
</kw>
<kw name="Input ProductName" library="resource">
<arguments>
<arg>product-edited</arg>
</arguments>
<kw name="Input Text" library="SeleniumLibrary">
<doc>Types the given ``text`` into the text field identified by ``locator``.</doc>
<arguments>
<arg>product__name</arg>
<arg>${productname}</arg>
</arguments>
<msg timestamp="20200228 11:16:24.833" level="INFO">Typing text 'product-edited' into text field 'product__name'.</msg>
<status status="PASS" starttime="20200228 11:16:24.832" endtime="20200228 11:16:28.068"></status>
</kw>
<status status="PASS" starttime="20200228 11:16:24.831" endtime="20200228 11:16:28.068"></status>
</kw>
<kw name="Click Element" library="SeleniumLibrary">
<doc>Click the element identified by ``locator``.</doc>
<arguments>
<arg>//button[@id="button-save-change"]</arg>
</arguments>
<msg timestamp="20200228 11:16:28.071" level="INFO">Clicking element '//button[@id="button-save-change"]'.</msg>
<status status="PASS" starttime="20200228 11:16:28.071" endtime="20200228 11:16:30.165"></status>
</kw>
<kw name="Product Page Should Be Open" library="resource">
<kw name="Location Should Be" library="SeleniumLibrary">
<doc>Verifies that the current URL is exactly ``url``.</doc>
<arguments>
<arg>${PRODUCTS URL}</arg>
</arguments>
<msg timestamp="20200228 11:16:31.180" level="INFO">Current location is 'http://localhost:8080/'.</msg>
<status status="PASS" starttime="20200228 11:16:30.167" endtime="20200228 11:16:31.180"></status>
</kw>
<status status="PASS" starttime="20200228 11:16:30.166" endtime="20200228 11:16:31.181"></status>
</kw>
<kw name="Input Search Product" library="resource">
<arguments>
<arg>product-edited</arg>
</arguments>
<kw name="Input Text" library="SeleniumLibrary">
<doc>Types the given ``text`` into the text field identified by ``locator``.</doc>
<arguments>
<arg>search-product</arg>
<arg>${text}</arg>
</arguments>
<msg timestamp="20200228 11:16:31.183" level="INFO">Typing text 'product-edited' into text field 'search-product'.</msg>
<status status="PASS" starttime="20200228 11:16:31.183" endtime="20200228 11:16:34.561"></status>
</kw>
<status status="PASS" starttime="20200228 11:16:31.181" endtime="20200228 11:16:34.561"></status>
</kw>
<kw name="Click Element" library="SeleniumLibrary">
<doc>Click the element identified by ``locator``.</doc>
<arguments>
<arg>//div[@class="page__content"]//tbody//a[contains(text(), "product-edited")]</arg>
</arguments>
<msg timestamp="20200228 11:16:34.564" level="INFO">Clicking element '//div[@class="page__content"]//tbody//a[contains(text(), "product-edited")]'.</msg>
<status status="PASS" starttime="20200228 11:16:34.563" endtime="20200228 11:16:36.733"></status>
</kw>
<kw name="Close Browser" library="SeleniumLibrary" type="teardown">
<doc>Closes the current browser.</doc>
<status status="PASS" starttime="20200228 11:16:36.735" endtime="20200228 11:16:39.801"></status>
</kw>
<status status="PASS" starttime="20200228 11:16:06.541" endtime="20200228 11:16:39.802" critical="yes"></status>
</test>
<doc>A test suite with a single test for edit product.

This test has a workflow that is created using keywords in
the imported resource file.</doc>
<status status="PASS" starttime="20200228 11:16:06.340" endtime="20200228 11:16:39.806"></status>
</suite>
<statistics>
<total>
<stat pass="1" fail="0">Critical Tests</stat>
<stat pass="1" fail="0">All Tests</stat>
</total>
<tag>
</tag>
<suite>
<stat pass="1" fail="0" id="s1" name="Edit Product">Edit Product</stat>
</suite>
</statistics>
<errors>
</errors>
</robot>
